2023-08-02 16:23:59.904 [info] Added views:workbench.panel.markers.view in workbench.panel.markers
2023-08-02 16:23:59.904 [info] Added views:workbench.panel.output in workbench.panel.output
2023-08-02 16:23:59.904 [info] Added views:terminal in terminal
2023-08-02 16:23:59.904 [info] Added views:outline in workbench.view.explorer
2023-08-02 16:23:59.904 [info] Added views:workbench.scm in workbench.view.scm
2023-08-02 16:23:59.904 [info] Added views:workbench.view.search in workbench.view.search
2023-08-02 16:23:59.904 [info] Added views:timeline in workbench.view.explorer
2023-08-02 16:23:59.904 [info] Added views:workbench.explorer.emptyView in workbench.view.explorer
2023-08-02 16:24:01.088 [info] Added views:thunder-client-sidebar in workbench.view.extension.thunder-client
2023-08-02 16:24:01.091 [info] Added views:mavenProjects in workbench.view.explorer
2023-08-02 16:24:01.398 [info] Added views:workbench.debug.variablesView,workbench.debug.watchExpressionsView,workbench.debug.callStackView,workbench.debug.breakPointsView in workbench.view.debug
2023-08-02 16:24:05.788 [info] Added views:workbench.panel.repl.view in workbench.panel.repl
2023-08-02 16:24:05.811 [info] Removed views:workbench.debug.breakPointsView,workbench.debug.callStackView,workbench.debug.watchExpressionsView,workbench.debug.variablesView from workbench.view.debug
2023-08-02 16:24:05.815 [info] Added views:workbench.debug.welcome in workbench.view.debug
2023-08-02 16:24:32.322 [info] Added views:workbench.panel.markers.view in workbench.panel.markers
2023-08-02 16:24:32.322 [info] Added views:workbench.panel.output in workbench.panel.output
2023-08-02 16:24:32.322 [info] Added views:terminal in terminal
2023-08-02 16:24:32.322 [info] Added views:outline in workbench.view.explorer
2023-08-02 16:24:32.322 [info] Added views:workbench.scm in workbench.view.scm
2023-08-02 16:24:32.322 [info] Added views:workbench.view.search in workbench.view.search
2023-08-02 16:24:32.322 [info] Added views:timeline in workbench.view.explorer
2023-08-02 16:24:32.322 [info] Added views:workbench.explorer.fileView in workbench.view.explorer
2023-08-02 16:24:33.422 [info] Added views:workbench.debug.variablesView,workbench.debug.watchExpressionsView,workbench.debug.callStackView,workbench.debug.breakPointsView in workbench.view.debug
2023-08-02 16:24:35.765 [info] Added views:workbench.panel.repl.view in workbench.panel.repl
2023-08-02 16:24:35.766 [info] Removed views:workbench.debug.breakPointsView,workbench.debug.callStackView,workbench.debug.watchExpressionsView,workbench.debug.variablesView from workbench.view.debug
2023-08-02 16:24:35.768 [info] Added views:workbench.debug.welcome in workbench.view.debug
2023-08-02 16:24:37.906 [info] Added views:thunder-client-sidebar in workbench.view.extension.thunder-client
