2023-08-02 16:16:22.198 [info] Added views:workbench.panel.markers.view in workbench.panel.markers
2023-08-02 16:16:22.198 [info] Added views:workbench.panel.output in workbench.panel.output
2023-08-02 16:16:22.198 [info] Added views:terminal in terminal
2023-08-02 16:16:22.198 [info] Added views:outline in workbench.view.explorer
2023-08-02 16:16:22.198 [info] Added views:workbench.scm in workbench.view.scm
2023-08-02 16:16:22.198 [info] Added views:workbench.view.search in workbench.view.search
2023-08-02 16:16:22.198 [info] Added views:timeline in workbench.view.explorer
2023-08-02 16:16:22.198 [info] Added views:workbench.explorer.emptyView in workbench.view.explorer
2023-08-02 16:16:23.342 [info] Added views:workbench.debug.variablesView,workbench.debug.watchExpressionsView,workbench.debug.callStackView,workbench.debug.breakPointsView in workbench.view.debug
2023-08-02 16:16:29.451 [info] Added views:thunder-client-sidebar in workbench.view.extension.thunder-client
2023-08-02 16:16:29.452 [info] Added views:mavenProjects in workbench.view.explorer
2023-08-02 16:16:30.367 [info] Added views:workbench.panel.repl.view in workbench.panel.repl
2023-08-02 16:16:30.367 [info] Removed views:workbench.debug.breakPointsView,workbench.debug.callStackView,workbench.debug.watchExpressionsView,workbench.debug.variablesView from workbench.view.debug
2023-08-02 16:16:30.368 [info] Added views:workbench.debug.welcome in workbench.view.debug
2023-08-02 16:19:27.061 [info] Added views:workbench.panel.markers.view in workbench.panel.markers
2023-08-02 16:19:27.061 [info] Added views:workbench.panel.output in workbench.panel.output
2023-08-02 16:19:27.061 [info] Added views:terminal in terminal
2023-08-02 16:19:27.061 [info] Added views:workbench.scm in workbench.view.scm
2023-08-02 16:19:27.061 [info] Added views:workbench.view.search in workbench.view.search
2023-08-02 16:19:27.061 [info] Added views:outline in workbench.view.explorer
2023-08-02 16:19:27.061 [info] Added views:timeline in workbench.view.explorer
2023-08-02 16:19:27.061 [info] Added views:workbench.explorer.fileView in workbench.view.explorer
2023-08-02 16:19:28.276 [info] Added views:workbench.debug.variablesView,workbench.debug.watchExpressionsView,workbench.debug.callStackView,workbench.debug.breakPointsView in workbench.view.debug
2023-08-02 16:19:29.055 [info] Added views:workbench.panel.repl.view in workbench.panel.repl
2023-08-02 16:19:29.065 [info] Removed views:workbench.debug.breakPointsView,workbench.debug.callStackView,workbench.debug.watchExpressionsView,workbench.debug.variablesView from workbench.view.debug
2023-08-02 16:19:29.067 [info] Added views:workbench.debug.welcome in workbench.view.debug
2023-08-02 16:20:19.896 [info] Added views:thunder-client-sidebar in workbench.view.extension.thunder-client
