2023-08-02 16:16:18.530 [error] Error: Unable to retrieve mac address (unexpected format)
    at O (C:\Users\mirza\AppData\Local\Programs\Microsoft VS Code\resources\app\out\vs\code\electron-main\main.js:19:91685)
    at f (C:\Users\mirza\AppData\Local\Programs\Microsoft VS Code\resources\app\out\vs\code\electron-main\main.js:19:92739)
    at process.processTicksAndRejections (node:internal/process/task_queues:96:5)
    at async C:\Users\mirza\AppData\Local\Programs\Microsoft VS Code\resources\app\out\vs\code\electron-main\main.js:19:92616
2023-08-02 16:16:18.530 [info] update#setState idle
2023-08-02 16:16:27.448 [info] WSL is not installed, so could not detect WSL profiles
2023-08-02 16:16:30.372 [error] update#isLatestVersion(): failed to check for updates
2023-08-02 16:16:30.375 [error] Error: net::ERR_INTERNET_DISCONNECTED
    at SimpleURLLoaderWrapper.<anonymous> (node:electron/js2c/browser_init:2:49312)
    at SimpleURLLoaderWrapper.emit (node:events:513:28)
2023-08-02 16:16:48.500 [info] update#setState checking for updates
2023-08-02 16:16:48.528 [error] Error: net::ERR_INTERNET_DISCONNECTED
    at SimpleURLLoaderWrapper.<anonymous> (node:electron/js2c/browser_init:2:49312)
    at SimpleURLLoaderWrapper.emit (node:events:513:28)
2023-08-02 16:16:48.532 [info] update#setState idle
2023-08-02 16:19:24.804 [info] Extension host with pid 1756 exited with code: 0, signal: unknown.
2023-08-02 16:19:28.241 [error] update#isLatestVersion(): failed to check for updates
2023-08-02 16:19:28.241 [error] Error: net::ERR_INTERNET_DISCONNECTED
    at SimpleURLLoaderWrapper.<anonymous> (node:electron/js2c/browser_init:2:49312)
    at SimpleURLLoaderWrapper.emit (node:events:513:28)
2023-08-02 16:24:01.478 [error] update#isLatestVersion(): failed to check for updates
2023-08-02 16:24:01.478 [error] Error: net::ERR_INTERNET_DISCONNECTED
    at SimpleURLLoaderWrapper.<anonymous> (node:electron/js2c/browser_init:2:49312)
    at SimpleURLLoaderWrapper.emit (node:events:513:28)
2023-08-02 16:24:29.933 [info] Extension host with pid 9420 exited with code: 0, signal: unknown.
2023-08-02 16:24:33.541 [error] update#isLatestVersion(): failed to check for updates
2023-08-02 16:24:33.542 [error] Error: net::ERR_INTERNET_DISCONNECTED
    at SimpleURLLoaderWrapper.<anonymous> (node:electron/js2c/browser_init:2:49312)
    at SimpleURLLoaderWrapper.emit (node:events:513:28)
2023-08-02 16:33:46.005 [warning] No ptyHost heartbeat after 6 seconds
2023-08-02 16:42:42.056 [warning] No ptyHost heartbeat after 6 seconds
2023-08-02 16:42:45.207 [info] Extension host with pid 1800 exited with code: 0, signal: unknown.
2023-08-02 16:43:29.441 [error] update#isLatestVersion(): failed to check for updates
2023-08-02 16:43:29.441 [error] Error: net::ERR_INTERNET_DISCONNECTED
    at SimpleURLLoaderWrapper.<anonymous> (node:electron/js2c/browser_init:2:49312)
    at SimpleURLLoaderWrapper.emit (node:events:513:28)
2023-08-02 16:44:32.745 [info] Extension host with pid 11388 exited with code: 0, signal: unknown.
2023-08-02 16:44:36.695 [error] update#isLatestVersion(): failed to check for updates
2023-08-02 16:44:36.695 [error] Error: net::ERR_INTERNET_DISCONNECTED
    at SimpleURLLoaderWrapper.<anonymous> (node:electron/js2c/browser_init:2:49312)
    at SimpleURLLoaderWrapper.emit (node:events:513:28)
2023-08-02 16:55:00.390 [warning] No ptyHost heartbeat after 6 seconds
2023-08-02 16:55:00.860 [info] Extension host with pid 7364 exited with code: 0, signal: unknown.
2023-08-02 16:55:03.873 [info] Extension host with pid 13500 exited with code: 0, signal: unknown.
