2023-08-02 16:43:34.519 [info] Extension host with pid 11388 started
2023-08-02 16:43:34.609 [info] ExtensionService#_doActivateExtension vscode.github-authentication, startup: false, activationEvent: 'onAuthenticationRequest:github'
2023-08-02 16:43:35.040 [info] ExtensionService#_doActivateExtension vscode.git-base, startup: true, activationEvent: '*', root cause: vscode.git
2023-08-02 16:43:35.154 [info] ExtensionService#_doActivateExtension ecmel.vscode-html-css, startup: true, activationEvent: '*'
2023-08-02 16:43:35.437 [info] ExtensionService#_doActivateExtension vscode.microsoft-authentication, startup: false, activationEvent: 'onAuthenticationRequest:microsoft'
2023-08-02 16:43:35.533 [info] ExtensionService#_doActivateExtension vscode.git, startup: true, activationEvent: '*'
2023-08-02 16:43:35.710 [info] ExtensionService#_doActivateExtension vscode.github, startup: true, activationEvent: '*'
2023-08-02 16:43:36.187 [info] Eager extensions activated
2023-08-02 16:43:36.640 [info] ExtensionService#_doActivateExtension vscode.debug-auto-launch, startup: false, activationEvent: 'onStartupFinished'
2023-08-02 16:43:36.744 [info] ExtensionService#_doActivateExtension vscode.merge-conflict, startup: false, activationEvent: 'onStartupFinished'
2023-08-02 16:43:36.890 [info] ExtensionService#_doActivateExtension ms-vscode-remote.remote-wsl-recommender, startup: false, activationEvent: 'onStartupFinished'
2023-08-02 16:43:37.141 [info] ExtensionService#_doActivateExtension formulahendry.code-runner, startup: false, activationEvent: 'onStartupFinished'
2023-08-02 16:43:40.249 [info] ExtensionService#_doActivateExtension ritwickdey.LiveServer, startup: false, activationEvent: 'onStartupFinished'
2023-08-02 16:44:32.726 [info] Extension host terminating: renderer closed the MessagePort
2023-08-02 16:44:32.743 [info] Extension host with pid 11388 exiting with code 0
2023-08-02 16:44:38.117 [info] Extension host with pid 13500 started
2023-08-02 16:44:38.117 [info] Skipping acquiring lock for c:\Users\mirza\excel build\PATH_TO_SOME_FOLDER_WHERE_VSCODE_WILL_STORE_TMP_DATA\User\workspaceStorage\509e704ff9165e85c962bcb400e1ac19.
2023-08-02 16:44:38.548 [info] ExtensionService#_doActivateExtension vscode.github-authentication, startup: false, activationEvent: 'onAuthenticationRequest:github'
2023-08-02 16:44:38.847 [info] ExtensionService#_doActivateExtension vscode.git-base, startup: true, activationEvent: '*', root cause: vscode.git
2023-08-02 16:44:38.856 [info] ExtensionService#_doActivateExtension ecmel.vscode-html-css, startup: true, activationEvent: '*'
2023-08-02 16:44:39.481 [info] ExtensionService#_doActivateExtension vscode.git, startup: true, activationEvent: '*'
2023-08-02 16:44:39.593 [info] ExtensionService#_doActivateExtension vscode.github, startup: true, activationEvent: '*'
2023-08-02 16:44:40.563 [info] ExtensionService#_doActivateExtension vscode.microsoft-authentication, startup: false, activationEvent: 'onAuthenticationRequest:microsoft'
2023-08-02 16:44:41.398 [info] ExtensionService#_doActivateExtension pranaygp.vscode-css-peek, startup: true, activationEvent: 'workspaceContains:**/*.css,**/*.scss,**/*.sass,**/*.less'
2023-08-02 16:44:53.165 [info] Eager extensions activated
2023-08-02 16:44:53.408 [info] ExtensionService#_doActivateExtension vscode.html-language-features, startup: false, activationEvent: 'onLanguage:html'
2023-08-02 16:44:53.535 [info] ExtensionService#_doActivateExtension vscode.emmet, startup: false, activationEvent: 'onLanguage'
2023-08-02 16:44:53.693 [info] ExtensionService#_doActivateExtension vscode.debug-auto-launch, startup: false, activationEvent: 'onStartupFinished'
2023-08-02 16:44:53.723 [info] ExtensionService#_doActivateExtension vscode.merge-conflict, startup: false, activationEvent: 'onStartupFinished'
2023-08-02 16:44:53.764 [info] ExtensionService#_doActivateExtension ms-vscode-remote.remote-wsl-recommender, startup: false, activationEvent: 'onStartupFinished'
2023-08-02 16:44:53.903 [info] ExtensionService#_doActivateExtension formulahendry.code-runner, startup: false, activationEvent: 'onStartupFinished'
2023-08-02 16:44:54.147 [info] ExtensionService#_doActivateExtension ritwickdey.LiveServer, startup: false, activationEvent: 'onStartupFinished'
2023-08-02 16:44:54.297 [info] ExtensionService#_doActivateExtension vscode.css-language-features, startup: false, activationEvent: 'onLanguage:css'
2023-08-02 16:44:54.739 [warning] DiagnosticCollection with name 'css-peek' does already exist.
2023-08-02 16:45:11.144 [info] ExtensionService#_doActivateExtension vscode.extension-editing, startup: false, activationEvent: 'onLanguage:markdown'
2023-08-02 16:45:11.270 [info] ExtensionService#_doActivateExtension vscode.markdown-language-features, startup: false, activationEvent: 'onLanguage:markdown'
2023-08-02 16:45:13.108 [info] ExtensionService#_doActivateExtension vscode.markdown-math, startup: false, activationEvent: 'api', root cause: vscode.markdown-language-features
2023-08-02 16:48:30.196 [info] ExtensionService#_doActivateExtension vscode.json-language-features, startup: false, activationEvent: 'onLanguage:jsonc'
2023-08-02 16:48:30.454 [info] ExtensionService#_doActivateExtension vscode.typescript-language-features, startup: false, activationEvent: 'onLanguage:jsonc'
2023-08-02 16:55:01.622 [info] Extension host terminating: renderer closed the MessagePort
2023-08-02 16:55:01.709 [error] Canceled: Canceled
	at new h (c:\Users\mirza\AppData\Local\Programs\Microsoft VS Code\resources\app\out\vs\workbench\api\node\extensionHostProcess.js:99:42413)
	at t.O (c:\Users\mirza\AppData\Local\Programs\Microsoft VS Code\resources\app\out\vs\workbench\api\node\extensionHostProcess.js:111:11236)
	at U.<computed>.q.charCodeAt.U.<computed> (c:\Users\mirza\AppData\Local\Programs\Microsoft VS Code\resources\app\out\vs\workbench\api\node\extensionHostProcess.js:111:8675)
	at e.$vL.g (c:\Users\mirza\AppData\Local\Programs\Microsoft VS Code\resources\app\out\vs\workbench\api\node\extensionHostProcess.js:99:63549)
	at e.$vL.executeCommand (c:\Users\mirza\AppData\Local\Programs\Microsoft VS Code\resources\app\out\vs\workbench\api\node\extensionHostProcess.js:99:62973)
	at P.registerCommand.description (c:\Users\mirza\AppData\Local\Programs\Microsoft VS Code\resources\app\out\vs\workbench\api\node\extensionHostProcess.js:99:62280)
	at e.$vL.h (c:\Users\mirza\AppData\Local\Programs\Microsoft VS Code\resources\app\out\vs\workbench\api\node\extensionHostProcess.js:99:64085)
	at e.$vL.g (c:\Users\mirza\AppData\Local\Programs\Microsoft VS Code\resources\app\out\vs\workbench\api\node\extensionHostProcess.js:99:63073)
	at e.$vL.executeCommand (c:\Users\mirza\AppData\Local\Programs\Microsoft VS Code\resources\app\out\vs\workbench\api\node\extensionHostProcess.js:99:62973)
	at Object.executeCommand (c:\Users\mirza\AppData\Local\Programs\Microsoft VS Code\resources\app\out\vs\workbench\api\node\extensionHostProcess.js:117:20971)
	at i.D [as value] (c:\Users\mirza\AppData\Local\Programs\Microsoft VS Code\resources\app\extensions\git\dist\main.js:2:1260424)
	at p.w (c:\Users\mirza\AppData\Local\Programs\Microsoft VS Code\resources\app\out\vs\workbench\api\node\extensionHostProcess.js:60:1902)
	at p.x (c:\Users\mirza\AppData\Local\Programs\Microsoft VS Code\resources\app\out\vs\workbench\api\node\extensionHostProcess.js:60:1972)
	at p.fire (c:\Users\mirza\AppData\Local\Programs\Microsoft VS Code\resources\app\out\vs\workbench\api\node\extensionHostProcess.js:60:2188)
	at Object.m [as dispose] (c:\Users\mirza\AppData\Local\Programs\Microsoft VS Code\resources\app\extensions\git\dist\main.js:2:1275972)
	at c:\Users\mirza\AppData\Local\Programs\Microsoft VS Code\resources\app\extensions\git\dist\main.js:2:1280539
	at Array.forEach (<anonymous>)
	at g.dispose (c:\Users\mirza\AppData\Local\Programs\Microsoft VS Code\resources\app\extensions\git\dist\main.js:2:1280525)
	at o.<anonymous> (c:\Users\mirza\AppData\Local\Programs\Microsoft VS Code\resources\app\out\vs\workbench\api\node\extensionHostProcess.js:95:4162)
	at o.dispose (c:\Users\mirza\AppData\Local\Programs\Microsoft VS Code\resources\app\out\vs\workbench\api\node\extensionHostProcess.js:95:4297)
	at o.<anonymous> (c:\Users\mirza\AppData\Local\Programs\Microsoft VS Code\resources\app\extensions\git\dist\main.js:2:1262437)
	at o.dispose (c:\Users\mirza\AppData\Local\Programs\Microsoft VS Code\resources\app\out\vs\workbench\api\node\extensionHostProcess.js:95:4297)
	at S (c:\Users\mirza\AppData\Local\Programs\Microsoft VS Code\resources\app\out\vs\workbench\api\node\extensionHostProcess.js:10:11731)
	at i.Z (c:\Users\mirza\AppData\Local\Programs\Microsoft VS Code\resources\app\out\vs\workbench\api\node\extensionHostProcess.js:113:10370)
	at c:\Users\mirza\AppData\Local\Programs\Microsoft VS Code\resources\app\out\vs\workbench\api\node\extensionHostProcess.js:113:8332
	at Array.map (<anonymous>)
	at i.S (c:\Users\mirza\AppData\Local\Programs\Microsoft VS Code\resources\app\out\vs\workbench\api\node\extensionHostProcess.js:113:8319)
	at i.terminate (c:\Users\mirza\AppData\Local\Programs\Microsoft VS Code\resources\app\out\vs\workbench\api\node\extensionHostProcess.js:113:8591)
	at u.terminate (c:\Users\mirza\AppData\Local\Programs\Microsoft VS Code\resources\app\out\vs\workbench\api\node\extensionHostProcess.js:117:1532)
	at E (c:\Users\mirza\AppData\Local\Programs\Microsoft VS Code\resources\app\out\vs\workbench\api\node\extensionHostProcess.js:127:32236)
	at MessagePortMain.<anonymous> (c:\Users\mirza\AppData\Local\Programs\Microsoft VS Code\resources\app\out\vs\workbench\api\node\extensionHostProcess.js:127:28665)
	at MessagePortMain.emit (node:events:513:28)
	at MessagePortMain._internalPort.emit (node:electron/js2c/utility_init:2:367) setContext undefined
2023-08-02 16:55:01.710 [error] Canceled: Canceled
	at new h (c:\Users\mirza\AppData\Local\Programs\Microsoft VS Code\resources\app\out\vs\workbench\api\node\extensionHostProcess.js:99:42413)
	at t.O (c:\Users\mirza\AppData\Local\Programs\Microsoft VS Code\resources\app\out\vs\workbench\api\node\extensionHostProcess.js:111:11236)
	at U.<computed>.q.charCodeAt.U.<computed> (c:\Users\mirza\AppData\Local\Programs\Microsoft VS Code\resources\app\out\vs\workbench\api\node\extensionHostProcess.js:111:8675)
	at e.$vL.g (c:\Users\mirza\AppData\Local\Programs\Microsoft VS Code\resources\app\out\vs\workbench\api\node\extensionHostProcess.js:99:63549)
	at e.$vL.executeCommand (c:\Users\mirza\AppData\Local\Programs\Microsoft VS Code\resources\app\out\vs\workbench\api\node\extensionHostProcess.js:99:62973)
	at P.registerCommand.description (c:\Users\mirza\AppData\Local\Programs\Microsoft VS Code\resources\app\out\vs\workbench\api\node\extensionHostProcess.js:99:62280)
	at e.$vL.h (c:\Users\mirza\AppData\Local\Programs\Microsoft VS Code\resources\app\out\vs\workbench\api\node\extensionHostProcess.js:99:64085)
	at e.$vL.g (c:\Users\mirza\AppData\Local\Programs\Microsoft VS Code\resources\app\out\vs\workbench\api\node\extensionHostProcess.js:99:63073)
	at e.$vL.executeCommand (c:\Users\mirza\AppData\Local\Programs\Microsoft VS Code\resources\app\out\vs\workbench\api\node\extensionHostProcess.js:99:62973)
	at Object.executeCommand (c:\Users\mirza\AppData\Local\Programs\Microsoft VS Code\resources\app\out\vs\workbench\api\node\extensionHostProcess.js:117:20971)
	at set b [as b] (c:\Users\mirza\AppData\Local\Programs\Microsoft VS Code\resources\app\extensions\github\dist\extension.js:2:675669)
	at c:\Users\mirza\AppData\Local\Programs\Microsoft VS Code\resources\app\extensions\github\dist\extension.js:2:676313
	at i.value (c:\Users\mirza\AppData\Local\Programs\Microsoft VS Code\resources\app\extensions\git\dist\main.js:2:1347255)
	at p.w (c:\Users\mirza\AppData\Local\Programs\Microsoft VS Code\resources\app\out\vs\workbench\api\node\extensionHostProcess.js:60:1902)
	at p.x (c:\Users\mirza\AppData\Local\Programs\Microsoft VS Code\resources\app\out\vs\workbench\api\node\extensionHostProcess.js:60:1972)
	at p.fire (c:\Users\mirza\AppData\Local\Programs\Microsoft VS Code\resources\app\out\vs\workbench\api\node\extensionHostProcess.js:60:2188)
	at Object.m [as dispose] (c:\Users\mirza\AppData\Local\Programs\Microsoft VS Code\resources\app\extensions\git\dist\main.js:2:1275972)
	at c:\Users\mirza\AppData\Local\Programs\Microsoft VS Code\resources\app\extensions\git\dist\main.js:2:1280539
	at Array.forEach (<anonymous>)
	at g.dispose (c:\Users\mirza\AppData\Local\Programs\Microsoft VS Code\resources\app\extensions\git\dist\main.js:2:1280525)
	at o.<anonymous> (c:\Users\mirza\AppData\Local\Programs\Microsoft VS Code\resources\app\out\vs\workbench\api\node\extensionHostProcess.js:95:4162)
	at o.dispose (c:\Users\mirza\AppData\Local\Programs\Microsoft VS Code\resources\app\out\vs\workbench\api\node\extensionHostProcess.js:95:4297)
	at o.<anonymous> (c:\Users\mirza\AppData\Local\Programs\Microsoft VS Code\resources\app\extensions\git\dist\main.js:2:1262437)
	at o.dispose (c:\Users\mirza\AppData\Local\Programs\Microsoft VS Code\resources\app\out\vs\workbench\api\node\extensionHostProcess.js:95:4297)
	at S (c:\Users\mirza\AppData\Local\Programs\Microsoft VS Code\resources\app\out\vs\workbench\api\node\extensionHostProcess.js:10:11731)
	at i.Z (c:\Users\mirza\AppData\Local\Programs\Microsoft VS Code\resources\app\out\vs\workbench\api\node\extensionHostProcess.js:113:10370)
	at c:\Users\mirza\AppData\Local\Programs\Microsoft VS Code\resources\app\out\vs\workbench\api\node\extensionHostProcess.js:113:8332
	at Array.map (<anonymous>)
	at i.S (c:\Users\mirza\AppData\Local\Programs\Microsoft VS Code\resources\app\out\vs\workbench\api\node\extensionHostProcess.js:113:8319)
	at i.terminate (c:\Users\mirza\AppData\Local\Programs\Microsoft VS Code\resources\app\out\vs\workbench\api\node\extensionHostProcess.js:113:8591)
	at u.terminate (c:\Users\mirza\AppData\Local\Programs\Microsoft VS Code\resources\app\out\vs\workbench\api\node\extensionHostProcess.js:117:1532)
	at E (c:\Users\mirza\AppData\Local\Programs\Microsoft VS Code\resources\app\out\vs\workbench\api\node\extensionHostProcess.js:127:32236)
	at MessagePortMain.<anonymous> (c:\Users\mirza\AppData\Local\Programs\Microsoft VS Code\resources\app\out\vs\workbench\api\node\extensionHostProcess.js:127:28665)
	at MessagePortMain.emit (node:events:513:28)
	at MessagePortMain._internalPort.emit (node:electron/js2c/utility_init:2:367) setContext undefined
2023-08-02 16:55:01.735 [info] Extension host with pid 13500 exiting with code 0
