2023-08-02 16:24:05.603 [info] Extension host with pid 9420 started
2023-08-02 16:24:05.778 [info] ExtensionService#_doActivateExtension vscode.github-authentication, startup: false, activationEvent: 'onAuthenticationRequest:github'
2023-08-02 16:24:06.038 [info] ExtensionService#_doActivateExtension vscode.git-base, startup: true, activationEvent: '*', root cause: vscode.git
2023-08-02 16:24:06.098 [info] ExtensionService#_doActivateExtension ecmel.vscode-html-css, startup: true, activationEvent: '*'
2023-08-02 16:24:06.434 [info] ExtensionService#_doActivateExtension vscode.git, startup: true, activationEvent: '*'
2023-08-02 16:24:06.592 [info] ExtensionService#_doActivateExtension vscode.github, startup: true, activationEvent: '*'
2023-08-02 16:24:06.942 [info] ExtensionService#_doActivateExtension vscode.microsoft-authentication, startup: false, activationEvent: 'onAuthenticationRequest:microsoft'
2023-08-02 16:24:07.839 [info] Eager extensions activated
2023-08-02 16:24:07.881 [info] ExtensionService#_doActivateExtension vscode.debug-auto-launch, startup: false, activationEvent: 'onStartupFinished'
2023-08-02 16:24:07.954 [info] ExtensionService#_doActivateExtension vscode.merge-conflict, startup: false, activationEvent: 'onStartupFinished'
2023-08-02 16:24:08.009 [info] ExtensionService#_doActivateExtension ms-vscode-remote.remote-wsl-recommender, startup: false, activationEvent: 'onStartupFinished'
2023-08-02 16:24:08.071 [info] ExtensionService#_doActivateExtension formulahendry.code-runner, startup: false, activationEvent: 'onStartupFinished'
2023-08-02 16:24:09.459 [info] ExtensionService#_doActivateExtension ritwickdey.LiveServer, startup: false, activationEvent: 'onStartupFinished'
2023-08-02 16:24:29.913 [info] Extension host terminating: renderer closed the MessagePort
2023-08-02 16:24:29.930 [info] Extension host with pid 9420 exiting with code 0
2023-08-02 16:24:35.684 [info] Extension host with pid 1800 started
2023-08-02 16:24:35.685 [info] Skipping acquiring lock for c:\Users\mirza\excel build\PATH_TO_SOME_FOLDER_WHERE_VSCODE_WILL_STORE_TMP_DATA\User\workspaceStorage\2d894fadbfc5f8dc4e5d6079489cf0f9.
2023-08-02 16:24:35.756 [info] ExtensionService#_doActivateExtension vscode.github-authentication, startup: false, activationEvent: 'onAuthenticationRequest:github'
2023-08-02 16:24:36.009 [info] ExtensionService#_doActivateExtension vscode.git-base, startup: true, activationEvent: '*'
2023-08-02 16:24:36.943 [info] ExtensionService#_doActivateExtension vscode.github, startup: true, activationEvent: '*'
2023-08-02 16:24:37.281 [info] ExtensionService#_doActivateExtension vscode.microsoft-authentication, startup: false, activationEvent: 'onAuthenticationRequest:microsoft'
2023-08-02 16:24:37.311 [info] ExtensionService#_doActivateExtension pranaygp.vscode-css-peek, startup: true, activationEvent: 'workspaceContains:**/*.css,**/*.scss,**/*.sass,**/*.less'
2023-08-02 16:24:43.519 [info] Eager extensions activated
2023-08-02 16:24:43.662 [info] ExtensionService#_doActivateExtension vscode.debug-auto-launch, startup: false, activationEvent: 'onStartupFinished'
2023-08-02 16:24:43.670 [info] ExtensionService#_doActivateExtension vscode.merge-conflict, startup: false, activationEvent: 'onStartupFinished'
2023-08-02 16:24:43.689 [info] ExtensionService#_doActivateExtension ms-vscode-remote.remote-wsl-recommender, startup: false, activationEvent: 'onStartupFinished'
2023-08-02 16:24:43.737 [info] ExtensionService#_doActivateExtension vscode.typescript-language-features, startup: false, activationEvent: 'onLanguage:javascript'
2023-08-02 16:24:43.855 [info] ExtensionService#_doActivateExtension VisualStudioExptTeam.vscodeintellicode, startup: false, activationEvent: 'onLanguage:javascript'
2023-08-02 16:24:44.127 [info] ExtensionService#_doActivateExtension vscode.emmet, startup: false, activationEvent: 'onLanguage'
2023-08-02 16:24:44.946 [info] ExtensionService#_doActivateExtension vscode.git, startup: false, activationEvent: 'api', root cause: vscode.github
2023-08-02 16:24:45.201 [info] ExtensionService#_doActivateExtension ecmel.vscode-html-css, startup: false, activationEvent: '*'
2023-08-02 16:24:45.262 [info] ExtensionService#_doActivateExtension formulahendry.code-runner, startup: false, activationEvent: 'onStartupFinished'
2023-08-02 16:24:45.690 [info] ExtensionService#_doActivateExtension ritwickdey.LiveServer, startup: false, activationEvent: 'onStartupFinished'
2023-08-02 16:24:45.726 [info] ExtensionService#_doActivateExtension VisualStudioExptTeam.intellicode-api-usage-examples, startup: false, activationEvent: 'onLanguage:javascript'
2023-08-02 16:24:48.697 [error] [VisualStudioExptTeam.intellicode-api-usage-examples] provider FAILED
2023-08-02 16:24:48.698 [error] Error: Pending response rejected since connection got disposed
	at Object.dispose (c:\Users\mirza\.vscode\extensions\visualstudioexptteam.intellicode-api-usage-examples-0.2.7\dist\extension.js:2:412834)
	at Object.dispose (c:\Users\mirza\.vscode\extensions\visualstudioexptteam.intellicode-api-usage-examples-0.2.7\dist\extension.js:2:464505)
	at v.handleConnectionClosed (c:\Users\mirza\.vscode\extensions\visualstudioexptteam.intellicode-api-usage-examples-0.2.7\dist\extension.js:2:464783)
	at v.handleConnectionClosed (c:\Users\mirza\.vscode\extensions\visualstudioexptteam.intellicode-api-usage-examples-0.2.7\dist\extension.js:2:620102)
	at c:\Users\mirza\.vscode\extensions\visualstudioexptteam.intellicode-api-usage-examples-0.2.7\dist\extension.js:2:464593
	at i.invoke (c:\Users\mirza\.vscode\extensions\visualstudioexptteam.intellicode-api-usage-examples-0.2.7\dist\extension.js:2:414543)
	at a.fire (c:\Users\mirza\.vscode\extensions\visualstudioexptteam.intellicode-api-usage-examples-0.2.7\dist\extension.js:2:415308)
	at J (c:\Users\mirza\.vscode\extensions\visualstudioexptteam.intellicode-api-usage-examples-0.2.7\dist\extension.js:2:401190)
	at i.invoke (c:\Users\mirza\.vscode\extensions\visualstudioexptteam.intellicode-api-usage-examples-0.2.7\dist\extension.js:2:414543)
	at a.fire (c:\Users\mirza\.vscode\extensions\visualstudioexptteam.intellicode-api-usage-examples-0.2.7\dist\extension.js:2:415308)
	at d.fireClose (c:\Users\mirza\.vscode\extensions\visualstudioexptteam.intellicode-api-usage-examples-0.2.7\dist\extension.js:2:423120)
	at ChildProcess.<anonymous> (c:\Users\mirza\.vscode\extensions\visualstudioexptteam.intellicode-api-usage-examples-0.2.7\dist\extension.js:2:434091)
	at ChildProcess.emit (node:events:525:35)
	at maybeClose (node:internal/child_process:1121:16)
	at ChildProcess._handle.onexit (node:internal/child_process:304:5)
2023-08-02 16:24:50.118 [error] [VisualStudioExptTeam.intellicode-api-usage-examples] provider FAILED
2023-08-02 16:24:50.119 [error] Error: Unhandled method getIdAtPosition
	at c:\Users\mirza\.vscode\extensions\visualstudioexptteam.intellicode-api-usage-examples-0.2.7\dist\extension.js:2:406156
	at c:\Users\mirza\.vscode\extensions\visualstudioexptteam.intellicode-api-usage-examples-0.2.7\dist\extension.js:2:406450
	at Immediate.<anonymous> (c:\Users\mirza\.vscode\extensions\visualstudioexptteam.intellicode-api-usage-examples-0.2.7\dist\extension.js:2:406812)
	at process.processImmediate (node:internal/timers:466:21)
2023-08-02 16:24:50.783 [error] [VisualStudioExptTeam.intellicode-api-usage-examples] provider FAILED
2023-08-02 16:24:50.783 [error] Error: Unhandled method getIdAtPosition
	at c:\Users\mirza\.vscode\extensions\visualstudioexptteam.intellicode-api-usage-examples-0.2.7\dist\extension.js:2:406156
	at c:\Users\mirza\.vscode\extensions\visualstudioexptteam.intellicode-api-usage-examples-0.2.7\dist\extension.js:2:406450
	at Immediate.<anonymous> (c:\Users\mirza\.vscode\extensions\visualstudioexptteam.intellicode-api-usage-examples-0.2.7\dist\extension.js:2:406812)
	at process.processImmediate (node:internal/timers:466:21)
2023-08-02 16:24:53.402 [error] [VisualStudioExptTeam.intellicode-api-usage-examples] provider FAILED
2023-08-02 16:24:53.415 [error] Error: Unhandled method getIdAtPosition
	at c:\Users\mirza\.vscode\extensions\visualstudioexptteam.intellicode-api-usage-examples-0.2.7\dist\extension.js:2:406156
	at c:\Users\mirza\.vscode\extensions\visualstudioexptteam.intellicode-api-usage-examples-0.2.7\dist\extension.js:2:406450
	at Immediate.<anonymous> (c:\Users\mirza\.vscode\extensions\visualstudioexptteam.intellicode-api-usage-examples-0.2.7\dist\extension.js:2:406812)
	at process.processImmediate (node:internal/timers:466:21)
2023-08-02 16:24:53.587 [error] [VisualStudioExptTeam.intellicode-api-usage-examples] provider FAILED
2023-08-02 16:24:53.587 [error] Error: Unhandled method getIdAtPosition
	at c:\Users\mirza\.vscode\extensions\visualstudioexptteam.intellicode-api-usage-examples-0.2.7\dist\extension.js:2:406156
	at c:\Users\mirza\.vscode\extensions\visualstudioexptteam.intellicode-api-usage-examples-0.2.7\dist\extension.js:2:406450
	at Immediate.<anonymous> (c:\Users\mirza\.vscode\extensions\visualstudioexptteam.intellicode-api-usage-examples-0.2.7\dist\extension.js:2:406812)
	at process.processImmediate (node:internal/timers:466:21)
2023-08-02 16:24:54.283 [error] [VisualStudioExptTeam.intellicode-api-usage-examples] provider FAILED
2023-08-02 16:24:54.284 [error] Error: Unhandled method getIdAtPosition
	at c:\Users\mirza\.vscode\extensions\visualstudioexptteam.intellicode-api-usage-examples-0.2.7\dist\extension.js:2:406156
	at c:\Users\mirza\.vscode\extensions\visualstudioexptteam.intellicode-api-usage-examples-0.2.7\dist\extension.js:2:406450
	at Immediate.<anonymous> (c:\Users\mirza\.vscode\extensions\visualstudioexptteam.intellicode-api-usage-examples-0.2.7\dist\extension.js:2:406812)
	at process.processImmediate (node:internal/timers:466:21)
2023-08-02 16:24:54.517 [error] [VisualStudioExptTeam.intellicode-api-usage-examples] provider FAILED
2023-08-02 16:24:54.517 [error] Error: Unhandled method getIdAtPosition
	at c:\Users\mirza\.vscode\extensions\visualstudioexptteam.intellicode-api-usage-examples-0.2.7\dist\extension.js:2:406156
	at c:\Users\mirza\.vscode\extensions\visualstudioexptteam.intellicode-api-usage-examples-0.2.7\dist\extension.js:2:406450
	at Immediate.<anonymous> (c:\Users\mirza\.vscode\extensions\visualstudioexptteam.intellicode-api-usage-examples-0.2.7\dist\extension.js:2:406812)
	at process.processImmediate (node:internal/timers:466:21)
2023-08-02 16:24:55.212 [error] [VisualStudioExptTeam.intellicode-api-usage-examples] provider FAILED
2023-08-02 16:24:55.212 [error] Error: Unhandled method getIdAtPosition
	at c:\Users\mirza\.vscode\extensions\visualstudioexptteam.intellicode-api-usage-examples-0.2.7\dist\extension.js:2:406156
	at c:\Users\mirza\.vscode\extensions\visualstudioexptteam.intellicode-api-usage-examples-0.2.7\dist\extension.js:2:406450
	at Immediate.<anonymous> (c:\Users\mirza\.vscode\extensions\visualstudioexptteam.intellicode-api-usage-examples-0.2.7\dist\extension.js:2:406812)
	at process.processImmediate (node:internal/timers:466:21)
2023-08-02 16:25:23.322 [error] [VisualStudioExptTeam.intellicode-api-usage-examples] provider FAILED
2023-08-02 16:25:23.322 [error] Error: Unhandled method getIdAtPosition
	at c:\Users\mirza\.vscode\extensions\visualstudioexptteam.intellicode-api-usage-examples-0.2.7\dist\extension.js:2:406156
	at c:\Users\mirza\.vscode\extensions\visualstudioexptteam.intellicode-api-usage-examples-0.2.7\dist\extension.js:2:406450
	at Immediate.<anonymous> (c:\Users\mirza\.vscode\extensions\visualstudioexptteam.intellicode-api-usage-examples-0.2.7\dist\extension.js:2:406812)
	at process.processImmediate (node:internal/timers:466:21)
2023-08-02 16:25:25.808 [error] [VisualStudioExptTeam.intellicode-api-usage-examples] provider FAILED
2023-08-02 16:25:25.809 [error] Error: Unhandled method getIdAtPosition
	at c:\Users\mirza\.vscode\extensions\visualstudioexptteam.intellicode-api-usage-examples-0.2.7\dist\extension.js:2:406156
	at c:\Users\mirza\.vscode\extensions\visualstudioexptteam.intellicode-api-usage-examples-0.2.7\dist\extension.js:2:406450
	at Immediate.<anonymous> (c:\Users\mirza\.vscode\extensions\visualstudioexptteam.intellicode-api-usage-examples-0.2.7\dist\extension.js:2:406812)
	at process.processImmediate (node:internal/timers:466:21)
2023-08-02 16:25:26.666 [error] [VisualStudioExptTeam.intellicode-api-usage-examples] provider FAILED
2023-08-02 16:25:26.666 [error] Error: Unhandled method getIdAtPosition
	at c:\Users\mirza\.vscode\extensions\visualstudioexptteam.intellicode-api-usage-examples-0.2.7\dist\extension.js:2:406156
	at c:\Users\mirza\.vscode\extensions\visualstudioexptteam.intellicode-api-usage-examples-0.2.7\dist\extension.js:2:406450
	at Immediate.<anonymous> (c:\Users\mirza\.vscode\extensions\visualstudioexptteam.intellicode-api-usage-examples-0.2.7\dist\extension.js:2:406812)
	at process.processImmediate (node:internal/timers:466:21)
2023-08-02 16:29:24.869 [info] ExtensionService#_doActivateExtension vscode.css-language-features, startup: false, activationEvent: 'onLanguage:css'
2023-08-02 16:29:35.854 [info] ExtensionService#_doActivateExtension vscode.html-language-features, startup: false, activationEvent: 'onLanguage:html'
2023-08-02 16:34:28.791 [info] ExtensionService#_doActivateExtension vscode.media-preview, startup: false, activationEvent: 'onCustomEditor:imagePreview.previewEditor'
2023-08-02 16:42:40.428 [info] Extension host terminating: renderer closed the MessagePort
2023-08-02 16:42:43.646 [error] Canceled: Canceled
	at new h (c:\Users\mirza\AppData\Local\Programs\Microsoft VS Code\resources\app\out\vs\workbench\api\node\extensionHostProcess.js:99:42413)
	at t.O (c:\Users\mirza\AppData\Local\Programs\Microsoft VS Code\resources\app\out\vs\workbench\api\node\extensionHostProcess.js:111:11236)
	at U.<computed>.q.charCodeAt.U.<computed> (c:\Users\mirza\AppData\Local\Programs\Microsoft VS Code\resources\app\out\vs\workbench\api\node\extensionHostProcess.js:111:8675)
	at e.$vL.g (c:\Users\mirza\AppData\Local\Programs\Microsoft VS Code\resources\app\out\vs\workbench\api\node\extensionHostProcess.js:99:63549)
	at e.$vL.executeCommand (c:\Users\mirza\AppData\Local\Programs\Microsoft VS Code\resources\app\out\vs\workbench\api\node\extensionHostProcess.js:99:62973)
	at P.registerCommand.description (c:\Users\mirza\AppData\Local\Programs\Microsoft VS Code\resources\app\out\vs\workbench\api\node\extensionHostProcess.js:99:62280)
	at e.$vL.h (c:\Users\mirza\AppData\Local\Programs\Microsoft VS Code\resources\app\out\vs\workbench\api\node\extensionHostProcess.js:99:64085)
	at e.$vL.g (c:\Users\mirza\AppData\Local\Programs\Microsoft VS Code\resources\app\out\vs\workbench\api\node\extensionHostProcess.js:99:63073)
	at e.$vL.executeCommand (c:\Users\mirza\AppData\Local\Programs\Microsoft VS Code\resources\app\out\vs\workbench\api\node\extensionHostProcess.js:99:62973)
	at Object.executeCommand (c:\Users\mirza\AppData\Local\Programs\Microsoft VS Code\resources\app\out\vs\workbench\api\node\extensionHostProcess.js:117:20971)
	at i.D [as value] (c:\Users\mirza\AppData\Local\Programs\Microsoft VS Code\resources\app\extensions\git\dist\main.js:2:1260424)
	at p.w (c:\Users\mirza\AppData\Local\Programs\Microsoft VS Code\resources\app\out\vs\workbench\api\node\extensionHostProcess.js:60:1902)
	at p.x (c:\Users\mirza\AppData\Local\Programs\Microsoft VS Code\resources\app\out\vs\workbench\api\node\extensionHostProcess.js:60:1972)
	at p.fire (c:\Users\mirza\AppData\Local\Programs\Microsoft VS Code\resources\app\out\vs\workbench\api\node\extensionHostProcess.js:60:2188)
	at Object.m [as dispose] (c:\Users\mirza\AppData\Local\Programs\Microsoft VS Code\resources\app\extensions\git\dist\main.js:2:1275972)
	at c:\Users\mirza\AppData\Local\Programs\Microsoft VS Code\resources\app\extensions\git\dist\main.js:2:1280539
	at Array.forEach (<anonymous>)
	at g.dispose (c:\Users\mirza\AppData\Local\Programs\Microsoft VS Code\resources\app\extensions\git\dist\main.js:2:1280525)
	at o.<anonymous> (c:\Users\mirza\AppData\Local\Programs\Microsoft VS Code\resources\app\out\vs\workbench\api\node\extensionHostProcess.js:95:4162)
	at o.dispose (c:\Users\mirza\AppData\Local\Programs\Microsoft VS Code\resources\app\out\vs\workbench\api\node\extensionHostProcess.js:95:4297)
	at o.<anonymous> (c:\Users\mirza\AppData\Local\Programs\Microsoft VS Code\resources\app\extensions\git\dist\main.js:2:1262437)
	at o.dispose (c:\Users\mirza\AppData\Local\Programs\Microsoft VS Code\resources\app\out\vs\workbench\api\node\extensionHostProcess.js:95:4297)
	at S (c:\Users\mirza\AppData\Local\Programs\Microsoft VS Code\resources\app\out\vs\workbench\api\node\extensionHostProcess.js:10:11731)
	at i.Z (c:\Users\mirza\AppData\Local\Programs\Microsoft VS Code\resources\app\out\vs\workbench\api\node\extensionHostProcess.js:113:10370)
	at c:\Users\mirza\AppData\Local\Programs\Microsoft VS Code\resources\app\out\vs\workbench\api\node\extensionHostProcess.js:113:8332
	at Array.map (<anonymous>)
	at i.S (c:\Users\mirza\AppData\Local\Programs\Microsoft VS Code\resources\app\out\vs\workbench\api\node\extensionHostProcess.js:113:8319)
	at i.terminate (c:\Users\mirza\AppData\Local\Programs\Microsoft VS Code\resources\app\out\vs\workbench\api\node\extensionHostProcess.js:113:8591)
	at u.terminate (c:\Users\mirza\AppData\Local\Programs\Microsoft VS Code\resources\app\out\vs\workbench\api\node\extensionHostProcess.js:117:1532)
	at E (c:\Users\mirza\AppData\Local\Programs\Microsoft VS Code\resources\app\out\vs\workbench\api\node\extensionHostProcess.js:127:32236)
	at MessagePortMain.<anonymous> (c:\Users\mirza\AppData\Local\Programs\Microsoft VS Code\resources\app\out\vs\workbench\api\node\extensionHostProcess.js:127:28665)
	at MessagePortMain.emit (node:events:513:28)
	at MessagePortMain._internalPort.emit (node:electron/js2c/utility_init:2:367) setContext undefined
2023-08-02 16:42:43.648 [error] Canceled: Canceled
	at new h (c:\Users\mirza\AppData\Local\Programs\Microsoft VS Code\resources\app\out\vs\workbench\api\node\extensionHostProcess.js:99:42413)
	at t.O (c:\Users\mirza\AppData\Local\Programs\Microsoft VS Code\resources\app\out\vs\workbench\api\node\extensionHostProcess.js:111:11236)
	at U.<computed>.q.charCodeAt.U.<computed> (c:\Users\mirza\AppData\Local\Programs\Microsoft VS Code\resources\app\out\vs\workbench\api\node\extensionHostProcess.js:111:8675)
	at e.$vL.g (c:\Users\mirza\AppData\Local\Programs\Microsoft VS Code\resources\app\out\vs\workbench\api\node\extensionHostProcess.js:99:63549)
	at e.$vL.executeCommand (c:\Users\mirza\AppData\Local\Programs\Microsoft VS Code\resources\app\out\vs\workbench\api\node\extensionHostProcess.js:99:62973)
	at P.registerCommand.description (c:\Users\mirza\AppData\Local\Programs\Microsoft VS Code\resources\app\out\vs\workbench\api\node\extensionHostProcess.js:99:62280)
	at e.$vL.h (c:\Users\mirza\AppData\Local\Programs\Microsoft VS Code\resources\app\out\vs\workbench\api\node\extensionHostProcess.js:99:64085)
	at e.$vL.g (c:\Users\mirza\AppData\Local\Programs\Microsoft VS Code\resources\app\out\vs\workbench\api\node\extensionHostProcess.js:99:63073)
	at e.$vL.executeCommand (c:\Users\mirza\AppData\Local\Programs\Microsoft VS Code\resources\app\out\vs\workbench\api\node\extensionHostProcess.js:99:62973)
	at Object.executeCommand (c:\Users\mirza\AppData\Local\Programs\Microsoft VS Code\resources\app\out\vs\workbench\api\node\extensionHostProcess.js:117:20971)
	at set b [as b] (c:\Users\mirza\AppData\Local\Programs\Microsoft VS Code\resources\app\extensions\github\dist\extension.js:2:675669)
	at c:\Users\mirza\AppData\Local\Programs\Microsoft VS Code\resources\app\extensions\github\dist\extension.js:2:676313
	at i.value (c:\Users\mirza\AppData\Local\Programs\Microsoft VS Code\resources\app\extensions\git\dist\main.js:2:1347255)
	at p.w (c:\Users\mirza\AppData\Local\Programs\Microsoft VS Code\resources\app\out\vs\workbench\api\node\extensionHostProcess.js:60:1902)
	at p.x (c:\Users\mirza\AppData\Local\Programs\Microsoft VS Code\resources\app\out\vs\workbench\api\node\extensionHostProcess.js:60:1972)
	at p.fire (c:\Users\mirza\AppData\Local\Programs\Microsoft VS Code\resources\app\out\vs\workbench\api\node\extensionHostProcess.js:60:2188)
	at Object.m [as dispose] (c:\Users\mirza\AppData\Local\Programs\Microsoft VS Code\resources\app\extensions\git\dist\main.js:2:1275972)
	at c:\Users\mirza\AppData\Local\Programs\Microsoft VS Code\resources\app\extensions\git\dist\main.js:2:1280539
	at Array.forEach (<anonymous>)
	at g.dispose (c:\Users\mirza\AppData\Local\Programs\Microsoft VS Code\resources\app\extensions\git\dist\main.js:2:1280525)
	at o.<anonymous> (c:\Users\mirza\AppData\Local\Programs\Microsoft VS Code\resources\app\out\vs\workbench\api\node\extensionHostProcess.js:95:4162)
	at o.dispose (c:\Users\mirza\AppData\Local\Programs\Microsoft VS Code\resources\app\out\vs\workbench\api\node\extensionHostProcess.js:95:4297)
	at o.<anonymous> (c:\Users\mirza\AppData\Local\Programs\Microsoft VS Code\resources\app\extensions\git\dist\main.js:2:1262437)
	at o.dispose (c:\Users\mirza\AppData\Local\Programs\Microsoft VS Code\resources\app\out\vs\workbench\api\node\extensionHostProcess.js:95:4297)
	at S (c:\Users\mirza\AppData\Local\Programs\Microsoft VS Code\resources\app\out\vs\workbench\api\node\extensionHostProcess.js:10:11731)
	at i.Z (c:\Users\mirza\AppData\Local\Programs\Microsoft VS Code\resources\app\out\vs\workbench\api\node\extensionHostProcess.js:113:10370)
	at c:\Users\mirza\AppData\Local\Programs\Microsoft VS Code\resources\app\out\vs\workbench\api\node\extensionHostProcess.js:113:8332
	at Array.map (<anonymous>)
	at i.S (c:\Users\mirza\AppData\Local\Programs\Microsoft VS Code\resources\app\out\vs\workbench\api\node\extensionHostProcess.js:113:8319)
	at i.terminate (c:\Users\mirza\AppData\Local\Programs\Microsoft VS Code\resources\app\out\vs\workbench\api\node\extensionHostProcess.js:113:8591)
	at u.terminate (c:\Users\mirza\AppData\Local\Programs\Microsoft VS Code\resources\app\out\vs\workbench\api\node\extensionHostProcess.js:117:1532)
	at E (c:\Users\mirza\AppData\Local\Programs\Microsoft VS Code\resources\app\out\vs\workbench\api\node\extensionHostProcess.js:127:32236)
	at MessagePortMain.<anonymous> (c:\Users\mirza\AppData\Local\Programs\Microsoft VS Code\resources\app\out\vs\workbench\api\node\extensionHostProcess.js:127:28665)
	at MessagePortMain.emit (node:events:513:28)
	at MessagePortMain._internalPort.emit (node:electron/js2c/utility_init:2:367) setContext undefined
2023-08-02 16:42:43.786 [error] Error: Stopping the server timed out
	at c:\Users\mirza\AppData\Local\Programs\Microsoft VS Code\resources\app\extensions\css-language-features\client\dist\node\cssClientMain.js:1:104814
	at runNextTicks (node:internal/process/task_queues:61:5)
	at listOnTimeout (node:internal/timers:528:9)
	at process.processTimers (node:internal/timers:502:7)
	at async e.deactivate (c:\Users\mirza\AppData\Local\Programs\Microsoft VS Code\resources\app\extensions\css-language-features\client\dist\node\cssClientMain.js:1:368929)
	at async Promise.all (index 0)
	at async i.S (c:\Users\mirza\AppData\Local\Programs\Microsoft VS Code\resources\app\out\vs\workbench\api\node\extensionHostProcess.js:113:8346)
2023-08-02 16:42:43.791 [error] Error: Stopping the server timed out
	at c:\Users\mirza\AppData\Local\Programs\Microsoft VS Code\resources\app\extensions\html-language-features\client\dist\node\htmlClientMain.js:2:602616
	at async Object.dispose (c:\Users\mirza\AppData\Local\Programs\Microsoft VS Code\resources\app\extensions\html-language-features\client\dist\node\htmlClientMain.js:2:882520)
	at async Object.dispose (c:\Users\mirza\AppData\Local\Programs\Microsoft VS Code\resources\app\extensions\html-language-features\client\dist\node\htmlClientMain.js:2:884162)
	at async e.deactivate (c:\Users\mirza\AppData\Local\Programs\Microsoft VS Code\resources\app\extensions\html-language-features\client\dist\node\htmlClientMain.js:2:1036159)
	at async Promise.all (index 7)
	at async i.S (c:\Users\mirza\AppData\Local\Programs\Microsoft VS Code\resources\app\out\vs\workbench\api\node\extensionHostProcess.js:113:8346)
2023-08-02 16:42:44.889 [info] Extension host with pid 1800 exiting with code 0
